TN:
SF:src/nox.ts
FN:14,main
FN:42,(anonymous_2)
FN:59,(anonymous_3)
FN:70,(anonymous_4)
FN:87,(anonymous_5)
FN:102,(anonymous_6)
FN:136,(anonymous_7)
FN:143,(anonymous_8)
FN:151,(anonymous_9)
FNF:9
FNH:0
FNDA:0,main
FNDA:0,(anonymous_2)
FNDA:0,(anonymous_3)
FNDA:0,(anonymous_4)
FNDA:0,(anonymous_5)
FNDA:0,(anonymous_6)
FNDA:0,(anonymous_7)
FNDA:0,(anonymous_8)
FNDA:0,(anonymous_9)
DA:3,0
DA:4,0
DA:5,0
DA:6,0
DA:7,0
DA:8,0
DA:9,0
DA:10,0
DA:12,0
DA:15,0
DA:17,0
DA:26,0
DA:29,0
DA:32,0
DA:33,0
DA:34,0
DA:35,0
DA:38,0
DA:43,0
DA:44,0
DA:45,0
DA:46,0
DA:47,0
DA:49,0
DA:50,0
DA:55,0
DA:60,0
DA:61,0
DA:62,0
DA:64,0
DA:65,0
DA:66,0
DA:67,0
DA:70,0
DA:71,0
DA:72,0
DA:73,0
DA:74,0
DA:78,0
DA:79,0
DA:84,0
DA:88,0
DA:89,0
DA:90,0
DA:91,0
DA:93,0
DA:94,0
DA:99,0
DA:103,0
DA:104,0
DA:105,0
DA:107,0
DA:108,0
DA:109,0
DA:110,0
DA:111,0
DA:112,0
DA:113,0
DA:115,0
DA:116,0
DA:121,0
DA:125,0
DA:126,0
DA:129,0
DA:130,0
DA:131,0
DA:136,0
DA:137,0
DA:138,0
DA:139,0
DA:143,0
DA:144,0
DA:145,0
DA:146,0
DA:150,0
DA:151,0
DA:152,0
DA:153,0
DA:157,0
LF:79
LH:0
BRDA:64,0,0,0
BRDA:104,1,0,0
BRDA:109,2,0,0
BRDA:109,2,1,0
BRDA:125,3,0,0
BRDA:150,4,0,0
BRF:6
BRH:0
end_of_record
TN:
SF:src/commands/agent.ts
FN:8,(anonymous_1)
FN:14,(anonymous_2)
FN:23,(anonymous_3)
FN:91,(anonymous_4)
FN:99,(anonymous_5)
FN:118,(anonymous_6)
FN:158,(anonymous_7)
FN:201,(anonymous_8)
FN:245,(anonymous_9)
FN:285,(anonymous_10)
FN:290,(anonymous_11)
FN:295,(anonymous_12)
FNF:12
FNH:0
FNDA:0,(anonymous_1)
FNDA:0,(anonymous_2)
FNDA:0,(anonymous_3)
FNDA:0,(anonymous_4)
FNDA:0,(anonymous_5)
FNDA:0,(anonymous_6)
FNDA:0,(anonymous_7)
FNDA:0,(anonymous_8)
FNDA:0,(anonymous_9)
FNDA:0,(anonymous_10)
FNDA:0,(anonymous_11)
FNDA:0,(anonymous_12)
DA:2,0
DA:4,0
DA:5,0
DA:7,0
DA:9,0
DA:10,0
DA:17,0
DA:24,0
DA:25,0
DA:28,0
DA:29,0
DA:30,0
DA:33,0
DA:34,0
DA:35,0
DA:36,0
DA:40,0
DA:47,0
DA:50,0
DA:52,0
DA:60,0
DA:62,0
DA:63,0
DA:64,0
DA:65,0
DA:66,0
DA:69,0
DA:70,0
DA:71,0
DA:72,0
DA:73,0
DA:75,0
DA:79,0
DA:80,0
DA:85,0
DA:92,0
DA:93,0
DA:95,0
DA:96,0
DA:98,0
DA:99,0
DA:102,0
DA:103,0
DA:104,0
DA:108,0
DA:109,0
DA:110,0
DA:111,0
DA:113,0
DA:116,0
DA:118,0
DA:119,0
DA:123,0
DA:124,0
DA:125,0
DA:126,0
DA:127,0
DA:129,0
DA:130,0
DA:133,0
DA:134,0
DA:137,0
DA:141,0
DA:142,0
DA:143,0
DA:144,0
DA:145,0
DA:146,0
DA:149,0
DA:150,0
DA:155,0
DA:159,0
DA:160,0
DA:162,0
DA:163,0
DA:164,0
DA:165,0
DA:168,0
DA:169,0
DA:170,0
DA:171,0
DA:174,0
DA:177,0
DA:179,0
DA:184,0
DA:186,0
DA:187,0
DA:188,0
DA:191,0
DA:192,0
DA:197,0
DA:202,0
DA:203,0
DA:205,0
DA:206,0
DA:207,0
DA:208,0
DA:212,0
DA:213,0
DA:214,0
DA:215,0
DA:218,0
DA:221,0
DA:222,0
DA:226,0
DA:228,0
DA:231,0
DA:233,0
DA:236,0
DA:237,0
DA:242,0
DA:246,0
DA:247,0
DA:249,0
DA:250,0
DA:251,0
DA:252,0
DA:255,0
DA:256,0
DA:258,0
DA:260,0
DA:261,0
DA:262,0
DA:263,0
DA:264,0
DA:265,0
DA:267,0
DA:268,0
DA:269,0
DA:270,0
DA:271,0
DA:272,0
DA:274,0
DA:275,0
DA:276,0
DA:277,0
DA:278,0
DA:279,0
DA:280,0
DA:283,0
DA:284,0
DA:285,0
DA:288,0
DA:289,0
DA:290,0
DA:293,0
DA:294,0
DA:295,0
DA:296,0
DA:300,0
DA:301,0
DA:304,0
DA:305,0
LF:153
LH:0
BRDA:9,0,0,0
BRDA:28,1,0,0
BRDA:34,2,0,0
BRDA:69,3,0,0
BRDA:69,3,1,0
BRDA:98,4,0,0
BRDA:102,5,0,0
BRDA:108,6,0,0
BRDA:110,7,0,0
BRDA:119,8,0,0
BRDA:119,8,1,0
BRDA:120,9,0,0
BRDA:120,9,1,0
BRDA:120,10,0,0
BRDA:120,10,1,0
BRDA:129,11,0,0
BRDA:133,12,0,0
BRDA:163,13,0,0
BRDA:169,14,0,0
BRDA:206,15,0,0
BRDA:212,16,0,0
BRDA:221,17,0,0
BRDA:250,18,0,0
BRDA:263,19,0,0
BRDA:263,19,1,0
BRDA:274,20,0,0
BRDA:276,21,0,0
BRDA:276,21,1,0
BRDA:283,22,0,0
BRDA:288,23,0,0
BRDA:293,24,0,0
BRF:31
BRH:0
end_of_record
TN:
SF:src/commands/registry.ts
FN:6,(anonymous_1)
FN:12,(anonymous_2)
FN:18,(anonymous_3)
FN:56,(anonymous_4)
FN:70,(anonymous_5)
FN:86,(anonymous_6)
FN:108,(anonymous_7)
FN:164,(anonymous_8)
FN:177,(anonymous_9)
FN:198,(anonymous_10)
FNF:10
FNH:0
FNDA:0,(anonymous_1)
FNDA:0,(anonymous_2)
FNDA:0,(anonymous_3)
FNDA:0,(anonymous_4)
FNDA:0,(anonymous_5)
FNDA:0,(anonymous_6)
FNDA:0,(anonymous_7)
FNDA:0,(anonymous_8)
FNDA:0,(anonymous_9)
FNDA:0,(anonymous_10)
DA:2,0
DA:5,0
DA:7,0
DA:8,0
DA:15,0
DA:19,0
DA:20,0
DA:22,0
DA:23,0
DA:24,0
DA:25,0
DA:27,0
DA:29,0
DA:30,0
DA:31,0
DA:32,0
DA:33,0
DA:34,0
DA:35,0
DA:37,0
DA:38,0
DA:39,0
DA:40,0
DA:41,0
DA:42,0
DA:43,0
DA:46,0
DA:47,0
DA:52,0
DA:57,0
DA:58,0
DA:60,0
DA:61,0
DA:63,0
DA:64,0
DA:65,0
DA:68,0
DA:70,0
DA:71,0
DA:72,0
DA:73,0
DA:77,0
DA:78,0
DA:83,0
DA:87,0
DA:88,0
DA:90,0
DA:91,0
DA:93,0
DA:94,0
DA:95,0
DA:98,0
DA:99,0
DA:104,0
DA:109,0
DA:110,0
DA:115,0
DA:116,0
DA:117,0
DA:118,0
DA:119,0
DA:121,0
DA:122,0
DA:123,0
DA:124,0
DA:125,0
DA:126,0
DA:128,0
DA:129,0
DA:130,0
DA:132,0
DA:136,0
DA:137,0
DA:138,0
DA:139,0
DA:140,0
DA:143,0
DA:144,0
DA:147,0
DA:148,0
DA:152,0
DA:155,0
DA:156,0
DA:161,0
DA:165,0
DA:166,0
DA:168,0
DA:170,0
DA:171,0
DA:172,0
DA:175,0
DA:177,0
DA:178,0
DA:179,0
DA:181,0
DA:182,0
DA:186,0
DA:187,0
DA:188,0
DA:192,0
DA:193,0
DA:199,0
DA:200,0
DA:201,0
DA:202,0
DA:203,0
DA:205,0
DA:206,0
DA:207,0
DA:208,0
LF:110
LH:0
BRDA:7,0,0,0
BRDA:40,1,0,0
BRDA:40,1,1,0
BRDA:63,2,0,0
BRDA:86,3,0,0
BRDA:115,4,0,0
BRDA:115,4,1,0
BRDA:117,5,0,0
BRDA:122,6,0,0
BRDA:122,6,1,0
BRDA:124,7,0,0
BRDA:136,8,0,0
BRDA:147,9,0,0
BRDA:170,10,0,0
BRDA:179,11,0,0
BRDA:179,11,1,0
BRDA:181,12,0,0
BRDA:186,13,0,0
BRDA:186,13,1,0
BRDA:205,14,0,0
BRDA:205,15,0,0
BRDA:205,15,1,0
BRDA:206,16,0,0
BRDA:206,17,0,0
BRDA:206,17,1,0
BRDA:207,18,0,0
BRDA:207,19,0,0
BRDA:207,19,1,0
BRF:28
BRH:0
end_of_record
TN:
SF:src/commands/system.ts
FN:6,(anonymous_1)
FN:12,(anonymous_2)
FN:32,(anonymous_3)
FN:50,(anonymous_4)
FN:94,(anonymous_5)
FN:108,(anonymous_6)
FNF:6
FNH:0
FNDA:0,(anonymous_1)
FNDA:0,(anonymous_2)
FNDA:0,(anonymous_3)
FNDA:0,(anonymous_4)
FNDA:0,(anonymous_5)
FNDA:0,(anonymous_6)
DA:2,0
DA:5,0
DA:9,0
DA:13,0
DA:14,0
DA:16,0
DA:18,0
DA:19,0
DA:20,0
DA:21,0
DA:23,0
DA:24,0
DA:25,0
DA:27,0
DA:28,0
DA:30,0
DA:31,0
DA:32,0
DA:33,0
DA:36,0
DA:40,0
DA:41,0
DA:46,0
DA:51,0
DA:52,0
DA:54,0
DA:55,0
DA:56,0
DA:59,0
DA:61,0
DA:62,0
DA:63,0
DA:64,0
DA:66,0
DA:67,0
DA:68,0
DA:69,0
DA:71,0
DA:72,0
DA:73,0
DA:74,0
DA:76,0
DA:77,0
DA:78,0
DA:79,0
DA:80,0
DA:83,0
DA:84,0
DA:89,0
DA:95,0
DA:96,0
DA:97,0
DA:99,0
DA:100,0
DA:105,0
DA:109,0
DA:110,0
DA:111,0
DA:112,0
DA:113,0
LF:60
LH:0
BRDA:19,0,0,0
BRDA:19,0,1,0
BRDA:30,1,0,0
BRDA:30,1,1,0
BRDA:54,2,0,0
BRDA:64,3,0,0
BRDA:64,3,1,0
BRDA:69,4,0,0
BRDA:69,4,1,0
BRDA:74,5,0,0
BRDA:74,5,1,0
BRDA:79,6,0,0
BRDA:79,6,1,0
BRDA:80,7,0,0
BRDA:80,7,1,0
BRDA:99,8,0,0
BRF:16
BRH:0
end_of_record
TN:
SF:src/commands/task.ts
FN:7,(anonymous_1)
FN:13,(anonymous_2)
FN:21,(anonymous_3)
FN:88,(anonymous_4)
FN:109,(anonymous_5)
FN:112,(anonymous_6)
FN:132,(anonymous_7)
FN:175,(anonymous_8)
FN:239,(anonymous_9)
FN:250,(anonymous_10)
FN:258,(anonymous_11)
FN:259,(anonymous_12)
FN:260,(anonymous_13)
FNF:13
FNH:0
FNDA:0,(anonymous_1)
FNDA:0,(anonymous_2)
FNDA:0,(anonymous_3)
FNDA:0,(anonymous_4)
FNDA:0,(anonymous_5)
FNDA:0,(anonymous_6)
FNDA:0,(anonymous_7)
FNDA:0,(anonymous_8)
FNDA:0,(anonymous_9)
FNDA:0,(anonymous_10)
FNDA:0,(anonymous_11)
FNDA:0,(anonymous_12)
FNDA:0,(anonymous_13)
DA:2,0
DA:6,0
DA:8,0
DA:9,0
DA:16,0
DA:22,0
DA:23,0
DA:26,0
DA:27,0
DA:28,0
DA:29,0
DA:33,0
DA:34,0
DA:35,0
DA:36,0
DA:40,0
DA:41,0
DA:42,0
DA:43,0
DA:44,0
DA:48,0
DA:50,0
DA:61,0
DA:62,0
DA:65,0
DA:67,0
DA:68,0
DA:69,0
DA:70,0
DA:71,0
DA:72,0
DA:76,0
DA:77,0
DA:82,0
DA:89,0
DA:90,0
DA:92,0
DA:93,0
DA:95,0
DA:96,0
DA:97,0
DA:98,0
DA:100,0
DA:103,0
DA:107,0
DA:108,0
DA:109,0
DA:111,0
DA:112,0
DA:115,0
DA:116,0
DA:117,0
DA:121,0
DA:122,0
DA:123,0
DA:124,0
DA:126,0
DA:129,0
DA:130,0
DA:132,0
DA:133,0
DA:138,0
DA:143,0
DA:144,0
DA:145,0
DA:146,0
DA:148,0
DA:149,0
DA:150,0
DA:151,0
DA:154,0
DA:155,0
DA:158,0
DA:159,0
DA:163,0
DA:164,0
DA:169,0
DA:176,0
DA:177,0
DA:179,0
DA:180,0
DA:181,0
DA:182,0
DA:185,0
DA:187,0
DA:188,0
DA:189,0
DA:190,0
DA:191,0
DA:193,0
DA:196,0
DA:197,0
DA:198,0
DA:199,0
DA:200,0
DA:202,0
DA:205,0
DA:206,0
DA:207,0
DA:208,0
DA:209,0
DA:211,0
DA:214,0
DA:215,0
DA:216,0
DA:219,0
DA:221,0
DA:223,0
DA:224,0
DA:225,0
DA:226,0
DA:227,0
DA:230,0
DA:231,0
DA:236,0
DA:240,0
DA:241,0
DA:243,0
DA:244,0
DA:246,0
DA:248,0
DA:249,0
DA:250,0
DA:251,0
DA:254,0
DA:255,0
DA:256,0
DA:257,0
DA:258,0
DA:259,0
DA:260,0
DA:262,0
DA:263,0
DA:266,0
DA:267,0
DA:272,0
DA:273,0
LF:137
LH:0
BRDA:8,0,0,0
BRDA:27,1,0,0
BRDA:34,2,0,0
BRDA:40,3,0,0
BRDA:42,4,0,0
BRDA:61,5,0,0
BRDA:71,6,0,0
BRDA:93,7,0,0
BRDA:93,7,1,0
BRDA:96,8,0,0
BRDA:108,9,0,0
BRDA:111,10,0,0
BRDA:115,11,0,0
BRDA:121,12,0,0
BRDA:123,13,0,0
BRDA:129,14,0,0
BRDA:129,14,1,0
BRDA:133,15,0,0
BRDA:133,15,1,0
BRDA:134,16,0,0
BRDA:134,16,1,0
BRDA:135,17,0,0
BRDA:135,17,1,0
BRDA:138,18,0,0
BRDA:138,18,1,0
BRDA:139,19,0,0
BRDA:139,19,1,0
BRDA:140,20,0,0
BRDA:140,20,1,0
BRDA:148,21,0,0
BRDA:149,22,0,0
BRDA:149,22,1,0
BRDA:150,23,0,0
BRDA:150,23,1,0
BRDA:154,24,0,0
BRDA:158,25,0,0
BRDA:158,25,1,0
BRDA:180,26,0,0
BRDA:187,27,0,0
BRDA:189,28,0,0
BRDA:196,29,0,0
BRDA:198,30,0,0
BRDA:205,31,0,0
BRDA:207,32,0,0
BRDA:207,33,0,0
BRDA:207,33,1,0
BRDA:207,33,2,0
BRDA:214,34,0,0
BRDA:254,35,0,0
BRDA:266,36,0,0
BRF:50
BRH:0
end_of_record
TN:
SF:src/core/agent-manager.ts
FN:9,(anonymous_0)
FN:13,(anonymous_1)
FN:18,(anonymous_2)
FN:25,(anonymous_3)
FN:34,(anonymous_4)
FN:57,(anonymous_5)
FN:67,(anonymous_6)
FN:71,(anonymous_7)
FNF:8
FNH:0
FNDA:0,(anonymous_0)
FNDA:0,(anonymous_1)
FNDA:0,(anonymous_2)
FNDA:0,(anonymous_3)
FNDA:0,(anonymous_4)
FNDA:0,(anonymous_5)
FNDA:0,(anonymous_6)
FNDA:0,(anonymous_7)
DA:1,0
DA:3,0
DA:5,0
DA:6,0
DA:7,0
DA:10,0
DA:14,0
DA:15,0
DA:19,0
DA:20,0
DA:22,0
DA:27,0
DA:28,0
DA:29,0
DA:31,0
DA:35,0
DA:36,0
DA:40,0
DA:50,0
DA:51,0
DA:53,0
DA:54,0
DA:58,0
DA:59,0
DA:60,0
DA:61,0
DA:62,0
DA:63,0
DA:68,0
DA:72,0
LF:30
LH:0
BRDA:19,0,0,0
BRDA:35,1,0,0
BRDA:59,2,0,0
BRDA:68,3,0,0
BRDA:68,3,1,0
BRF:5
BRH:0
end_of_record
TN:
SF:src/core/config-manager.ts
FN:10,(anonymous_9)
FN:14,(anonymous_10)
FN:26,(anonymous_11)
FN:53,(anonymous_12)
FN:71,(anonymous_13)
FN:114,(anonymous_14)
FN:164,(anonymous_15)
FN:171,(anonymous_16)
FN:180,(anonymous_17)
FN:184,(anonymous_18)
FN:188,(anonymous_19)
FN:192,(anonymous_20)
FN:196,(anonymous_21)
FNF:13
FNH:10
FNDA:7,(anonymous_9)
FNDA:0,(anonymous_10)
FNDA:7,(anonymous_11)
FNDA:6,(anonymous_12)
FNDA:2,(anonymous_13)
FNDA:7,(anonymous_14)
FNDA:5,(anonymous_15)
FNDA:0,(anonymous_16)
FNDA:1,(anonymous_17)
FNDA:1,(anonymous_18)
FNDA:1,(anonymous_19)
FNDA:0,(anonymous_20)
FNDA:2,(anonymous_21)
DA:1,1
DA:2,1
DA:3,1
DA:4,1
DA:6,1
DA:7,7
DA:11,7
DA:16,0
DA:23,0
DA:27,7
DA:29,7
DA:30,2
DA:31,2
DA:32,2
DA:34,5
DA:35,5
DA:36,5
DA:40,7
DA:42,7
DA:43,7
DA:46,0
DA:47,0
DA:48,0
DA:49,0
DA:54,6
DA:55,1
DA:58,6
DA:59,0
DA:62,6
DA:63,6
DA:64,6
DA:66,0
DA:67,0
DA:72,2
DA:83,2
DA:84,1
DA:90,2
DA:91,1
DA:97,2
DA:98,1
DA:104,2
DA:105,1
DA:111,2
DA:115,7
DA:118,7
DA:119,1
DA:122,7
DA:123,0
DA:126,7
DA:127,0
DA:130,7
DA:131,7
DA:132,7
DA:133,7
DA:137,7
DA:138,1
DA:141,7
DA:142,0
DA:145,7
DA:146,0
DA:149,7
DA:150,0
DA:153,7
DA:154,0
DA:157,7
DA:158,0
DA:161,7
DA:165,5
DA:166,0
DA:168,5
DA:172,0
DA:173,0
DA:176,0
DA:177,0
DA:181,1
DA:185,1
DA:189,1
DA:193,0
DA:197,2
LF:79
LH:57
BRDA:11,0,0,7
BRDA:11,0,1,0
BRDA:23,1,0,0
BRDA:23,1,1,0
BRDA:29,2,0,2
BRDA:29,2,1,5
BRDA:54,3,0,1
BRDA:58,4,0,0
BRDA:83,5,0,1
BRDA:90,6,0,1
BRDA:97,7,0,1
BRDA:104,8,0,1
BRDA:115,9,0,0
BRDA:118,10,0,1
BRDA:122,11,0,0
BRDA:126,12,0,0
BRDA:130,13,0,7
BRDA:132,14,0,7
BRDA:137,15,0,1
BRDA:141,16,0,0
BRDA:145,17,0,0
BRDA:149,18,0,0
BRDA:153,19,0,0
BRDA:157,20,0,0
BRDA:165,21,0,0
BRDA:172,22,0,0
BRF:26
BRH:12
end_of_record
TN:
SF:src/core/git-manager.ts
FN:18,(anonymous_9)
FN:23,(anonymous_10)
FN:73,(anonymous_11)
FN:82,(anonymous_12)
FN:85,(anonymous_13)
FN:98,(anonymous_14)
FN:134,(anonymous_15)
FN:148,(anonymous_16)
FN:156,(anonymous_17)
FN:169,(anonymous_18)
FN:191,(anonymous_19)
FN:201,(anonymous_20)
FN:216,(anonymous_21)
FN:230,(anonymous_22)
FN:244,(anonymous_23)
FN:258,(anonymous_24)
FN:272,(anonymous_25)
FN:286,(anonymous_26)
FN:306,(anonymous_27)
FN:320,(anonymous_28)
FN:335,(anonymous_29)
FN:350,(anonymous_30)
FNF:22
FNH:6
FNDA:5,(anonymous_9)
FNDA:2,(anonymous_10)
FNDA:2,(anonymous_11)
FNDA:0,(anonymous_12)
FNDA:0,(anonymous_13)
FNDA:2,(anonymous_14)
FNDA:1,(anonymous_15)
FNDA:0,(anonymous_16)
FNDA:0,(anonymous_17)
FNDA:0,(anonymous_18)
FNDA:0,(anonymous_19)
FNDA:0,(anonymous_20)
FNDA:0,(anonymous_21)
FNDA:0,(anonymous_22)
FNDA:0,(anonymous_23)
FNDA:0,(anonymous_24)
FNDA:0,(anonymous_25)
FNDA:0,(anonymous_26)
FNDA:0,(anonymous_27)
FNDA:0,(anonymous_28)
FNDA:0,(anonymous_29)
FNDA:3,(anonymous_30)
DA:1,1
DA:2,1
DA:3,1
DA:4,1
DA:13,1
DA:16,5
DA:19,5
DA:20,5
DA:24,2
DA:25,2
DA:27,2
DA:29,2
DA:32,2
DA:34,2
DA:35,0
DA:36,0
DA:39,0
DA:40,0
DA:43,0
DA:44,0
DA:50,0
DA:51,0
DA:54,0
DA:57,0
DA:58,0
DA:60,0
DA:62,2
DA:65,2
DA:68,0
DA:69,0
DA:74,2
DA:75,2
DA:76,2
DA:78,0
DA:83,0
DA:85,0
DA:87,0
DA:89,0
DA:90,0
DA:91,0
DA:94,0
DA:99,2
DA:100,1
DA:103,1
DA:105,1
DA:106,0
DA:109,1
DA:113,1
DA:114,1
DA:115,0
DA:116,0
DA:120,1
DA:121,1
DA:123,1
DA:124,0
DA:126,0
DA:129,1
DA:130,1
DA:135,1
DA:136,1
DA:139,0
DA:140,0
DA:141,0
DA:143,0
DA:144,0
DA:149,0
DA:150,0
DA:153,0
DA:154,0
DA:156,0
DA:164,0
DA:165,0
DA:170,0
DA:171,0
DA:174,0
DA:175,0
DA:178,0
DA:181,0
DA:183,0
DA:186,0
DA:187,0
DA:192,0
DA:193,0
DA:196,0
DA:197,0
DA:198,0
DA:201,0
DA:203,0
DA:204,0
DA:207,0
DA:208,0
DA:211,0
DA:212,0
DA:217,0
DA:218,0
DA:221,0
DA:222,0
DA:223,0
DA:225,0
DA:226,0
DA:231,0
DA:232,0
DA:235,0
DA:236,0
DA:237,0
DA:239,0
DA:240,0
DA:245,0
DA:246,0
DA:249,0
DA:250,0
DA:251,0
DA:253,0
DA:254,0
DA:259,0
DA:260,0
DA:263,0
DA:264,0
DA:265,0
DA:267,0
DA:268,0
DA:273,0
DA:274,0
DA:277,0
DA:278,0
DA:279,0
DA:281,0
DA:282,0
DA:287,0
DA:288,0
DA:291,0
DA:292,0
DA:294,0
DA:301,0
DA:302,0
DA:307,0
DA:308,0
DA:311,0
DA:312,0
DA:313,0
DA:315,0
DA:316,0
DA:321,0
DA:322,0
DA:325,0
DA:326,0
DA:327,0
DA:328,0
DA:330,0
DA:331,0
DA:336,0
DA:337,0
DA:340,0
DA:341,0
DA:342,0
DA:343,0
DA:345,0
DA:346,0
DA:351,3
LF:159
LH:34
BRDA:34,0,0,0
BRDA:34,0,1,2
BRDA:87,1,0,0
BRDA:99,2,0,1
BRDA:105,3,0,0
BRDA:105,3,1,1
BRDA:105,4,0,1
BRDA:105,4,1,0
BRDA:114,5,0,0
BRDA:135,6,0,1
BRDA:141,7,0,0
BRDA:141,7,1,0
BRDA:148,8,0,0
BRDA:149,9,0,0
BRDA:170,10,0,0
BRDA:192,11,0,0
BRDA:203,12,0,0
BRDA:217,13,0,0
BRDA:231,14,0,0
BRDA:245,15,0,0
BRDA:259,16,0,0
BRDA:273,17,0,0
BRDA:287,18,0,0
BRDA:307,19,0,0
BRDA:320,20,0,0
BRDA:321,21,0,0
BRDA:326,22,0,0
BRDA:326,22,1,0
BRDA:335,23,0,0
BRDA:336,24,0,0
BRDA:341,25,0,0
BRDA:341,25,1,0
BRF:32
BRH:5
end_of_record
TN:
SF:src/core/message-broker.ts
FN:9,(anonymous_0)
FN:13,(anonymous_1)
FN:18,(anonymous_2)
FN:25,(anonymous_3)
FN:29,(anonymous_4)
FN:40,(anonymous_5)
FN:45,(anonymous_6)
FN:47,(anonymous_7)
FNF:8
FNH:0
FNDA:0,(anonymous_0)
FNDA:0,(anonymous_1)
FNDA:0,(anonymous_2)
FNDA:0,(anonymous_3)
FNDA:0,(anonymous_4)
FNDA:0,(anonymous_5)
FNDA:0,(anonymous_6)
FNDA:0,(anonymous_7)
DA:1,0
DA:3,0
DA:5,0
DA:6,0
DA:7,0
DA:10,0
DA:14,0
DA:15,0
DA:19,0
DA:20,0
DA:22,0
DA:26,0
DA:30,0
DA:31,0
DA:34,0
DA:35,0
DA:37,0
DA:41,0
DA:42,0
DA:46,0
DA:47,0
LF:21
LH:0
BRDA:19,0,0,0
BRDA:30,1,0,0
BRDA:45,2,0,0
BRDA:47,3,0,0
BRDA:47,3,1,0
BRF:5
BRH:0
end_of_record
TN:
SF:src/core/registry-manager.ts
FN:26,(anonymous_9)
FN:30,(anonymous_10)
FN:63,(anonymous_11)
FN:76,(anonymous_12)
FN:95,(anonymous_13)
FN:109,(anonymous_14)
FN:134,(anonymous_15)
FN:177,(anonymous_16)
FN:185,(anonymous_17)
FN:227,(anonymous_18)
FN:242,(anonymous_19)
FN:257,(anonymous_20)
FN:277,(anonymous_21)
FN:285,(anonymous_22)
FN:291,(anonymous_23)
FN:292,(anonymous_24)
FN:299,(anonymous_25)
FN:315,(anonymous_26)
FN:337,(anonymous_27)
FN:341,(anonymous_28)
FN:347,(anonymous_29)
FN:348,(anonymous_30)
FN:349,(anonymous_31)
FN:352,(anonymous_32)
FN:371,(anonymous_33)
FN:375,(anonymous_34)
FNF:26
FNH:23
FNDA:13,(anonymous_9)
FNDA:13,(anonymous_10)
FNDA:12,(anonymous_11)
FNDA:1,(anonymous_12)
FNDA:0,(anonymous_13)
FNDA:19,(anonymous_14)
FNDA:15,(anonymous_15)
FNDA:4,(anonymous_16)
FNDA:1,(anonymous_17)
FNDA:1,(anonymous_18)
FNDA:0,(anonymous_19)
FNDA:1,(anonymous_20)
FNDA:2,(anonymous_21)
FNDA:2,(anonymous_22)
FNDA:4,(anonymous_23)
FNDA:7,(anonymous_24)
FNDA:2,(anonymous_25)
FNDA:1,(anonymous_26)
FNDA:1,(anonymous_27)
FNDA:1,(anonymous_28)
FNDA:2,(anonymous_29)
FNDA:2,(anonymous_30)
FNDA:2,(anonymous_31)
FNDA:2,(anonymous_32)
FNDA:1,(anonymous_33)
FNDA:0,(anonymous_34)
DA:1,1
DA:2,1
DA:3,1
DA:4,1
DA:5,1
DA:6,1
DA:17,1
DA:18,13
DA:19,13
DA:20,13
DA:21,13
DA:22,13
DA:23,13
DA:24,13
DA:27,13
DA:31,13
DA:32,13
DA:33,13
DA:34,13
DA:36,13
DA:38,13
DA:41,13
DA:42,13
DA:43,13
DA:46,13
DA:47,12
DA:48,12
DA:50,1
DA:51,1
DA:54,13
DA:55,13
DA:58,0
DA:59,0
DA:64,12
DA:65,12
DA:66,12
DA:68,12
DA:69,12
DA:70,12
DA:72,12
DA:73,12
DA:77,1
DA:79,1
DA:80,1
DA:82,1
DA:84,1
DA:85,1
DA:86,1
DA:90,1
DA:91,1
DA:92,1
DA:94,1
DA:95,0
DA:99,0
DA:104,0
DA:105,0
DA:110,19
DA:112,19
DA:113,19
DA:114,24
DA:117,19
DA:118,19
DA:119,1
DA:122,19
DA:123,19
DA:125,19
DA:126,19
DA:129,0
DA:130,0
DA:135,15
DA:136,0
DA:140,15
DA:141,15
DA:142,0
DA:145,15
DA:148,15
DA:149,1
DA:153,14
DA:154,14
DA:168,14
DA:169,14
DA:171,14
DA:172,14
DA:174,14
DA:178,4
DA:179,0
DA:182,4
DA:186,1
DA:187,0
DA:190,1
DA:191,1
DA:192,0
DA:196,1
DA:197,1
DA:198,1
DA:199,0
DA:203,1
DA:204,0
DA:205,0
DA:206,0
DA:211,1
DA:218,1
DA:219,1
DA:221,1
DA:222,1
DA:224,1
DA:228,1
DA:229,0
DA:232,1
DA:233,0
DA:237,1
DA:238,1
DA:241,1
DA:242,0
DA:243,0
DA:244,0
DA:248,1
DA:251,1
DA:253,1
DA:254,1
DA:258,1
DA:259,1
DA:260,1
DA:263,1
DA:266,0
DA:270,1
DA:273,0
DA:278,2
DA:279,0
DA:282,2
DA:286,2
DA:287,0
DA:290,2
DA:291,2
DA:292,4
DA:293,7
DA:300,2
DA:301,2
DA:302,0
DA:305,2
DA:306,2
DA:308,2
DA:309,2
DA:311,2
DA:312,2
DA:316,1
DA:317,0
DA:320,1
DA:321,0
DA:324,1
DA:325,1
DA:330,1
DA:331,1
DA:333,1
DA:334,1
DA:338,1
DA:342,1
DA:343,0
DA:346,1
DA:347,2
DA:348,2
DA:349,2
DA:351,1
DA:352,1
DA:353,2
DA:354,1
DA:358,1
DA:359,1
DA:361,1
DA:372,1
DA:376,0
LF:171
LH:140
BRDA:30,0,0,13
BRDA:46,1,0,12
BRDA:46,1,1,1
BRDA:46,2,0,13
BRDA:46,2,1,13
BRDA:90,3,0,1
BRDA:135,4,0,0
BRDA:141,5,0,0
BRDA:148,6,0,1
BRDA:156,7,0,14
BRDA:156,7,1,0
BRDA:161,8,0,14
BRDA:161,8,1,14
BRDA:162,9,0,14
BRDA:162,9,1,12
BRDA:178,10,0,0
BRDA:182,11,0,4
BRDA:182,11,1,2
BRDA:186,12,0,0
BRDA:191,13,0,0
BRDA:196,14,0,1
BRDA:198,15,0,0
BRDA:203,16,0,0
BRDA:205,17,0,0
BRDA:228,18,0,0
BRDA:232,19,0,0
BRDA:243,20,0,0
BRDA:263,21,0,0
BRDA:278,22,0,0
BRDA:286,23,0,0
BRDA:292,24,0,4
BRDA:292,24,1,3
BRDA:301,25,0,0
BRDA:316,26,0,0
BRDA:320,27,0,0
BRDA:324,28,0,1
BRDA:324,28,1,1
BRDA:338,29,0,1
BRDA:338,29,1,0
BRDA:342,30,0,0
BRDA:349,31,0,2
BRDA:349,31,1,2
BRDA:353,32,0,1
BRDA:359,33,0,1
BRDA:359,33,1,0
BRF:45
BRH:24
end_of_record
TN:
SF:src/core/system.ts
FN:33,(anonymous_0)
FN:48,(anonymous_1)
FN:50,(anonymous_2)
FN:55,(anonymous_3)
FN:60,(anonymous_4)
FN:66,(anonymous_5)
FN:71,(anonymous_6)
FN:77,(anonymous_7)
FN:83,(anonymous_8)
FN:88,(anonymous_9)
FN:118,(anonymous_10)
FN:134,(anonymous_11)
FN:155,(anonymous_12)
FN:183,(anonymous_13)
FN:185,(anonymous_14)
FN:208,(anonymous_15)
FN:221,(anonymous_16)
FN:222,(anonymous_17)
FN:223,(anonymous_18)
FN:224,(anonymous_19)
FN:225,(anonymous_20)
FN:226,(anonymous_21)
FN:229,(anonymous_22)
FN:230,(anonymous_23)
FNF:24
FNH:0
FNDA:0,(anonymous_0)
FNDA:0,(anonymous_1)
FNDA:0,(anonymous_2)
FNDA:0,(anonymous_3)
FNDA:0,(anonymous_4)
FNDA:0,(anonymous_5)
FNDA:0,(anonymous_6)
FNDA:0,(anonymous_7)
FNDA:0,(anonymous_8)
FNDA:0,(anonymous_9)
FNDA:0,(anonymous_10)
FNDA:0,(anonymous_11)
FNDA:0,(anonymous_12)
FNDA:0,(anonymous_13)
FNDA:0,(anonymous_14)
FNDA:0,(anonymous_15)
FNDA:0,(anonymous_16)
FNDA:0,(anonymous_17)
FNDA:0,(anonymous_18)
FNDA:0,(anonymous_19)
FNDA:0,(anonymous_20)
FNDA:0,(anonymous_21)
FNDA:0,(anonymous_22)
FNDA:0,(anonymous_23)
DA:1,0
DA:2,0
DA:3,0
DA:4,0
DA:5,0
DA:6,0
DA:7,0
DA:9,0
DA:21,0
DA:22,0
DA:23,0
DA:34,0
DA:37,0
DA:38,0
DA:39,0
DA:40,0
DA:41,0
DA:42,0
DA:45,0
DA:50,0
DA:51,0
DA:52,0
DA:55,0
DA:56,0
DA:57,0
DA:60,0
DA:61,0
DA:62,0
DA:66,0
DA:67,0
DA:68,0
DA:71,0
DA:72,0
DA:73,0
DA:77,0
DA:78,0
DA:79,0
DA:83,0
DA:84,0
DA:89,0
DA:90,0
DA:93,0
DA:94,0
DA:97,0
DA:98,0
DA:101,0
DA:102,0
DA:105,0
DA:106,0
DA:107,0
DA:109,0
DA:110,0
DA:113,0
DA:114,0
DA:119,0
DA:120,0
DA:123,0
DA:124,0
DA:125,0
DA:128,0
DA:129,0
DA:130,0
DA:133,0
DA:134,0
DA:136,0
DA:137,0
DA:138,0
DA:139,0
DA:141,0
DA:145,0
DA:146,0
DA:147,0
DA:150,0
DA:151,0
DA:156,0
DA:157,0
DA:160,0
DA:161,0
DA:164,0
DA:167,0
DA:168,0
DA:171,0
DA:173,0
DA:174,0
DA:175,0
DA:178,0
DA:179,0
DA:184,0
DA:185,0
DA:186,0
DA:187,0
DA:189,0
DA:190,0
DA:191,0
DA:192,0
DA:195,0
DA:197,0
DA:209,0
DA:210,0
DA:211,0
DA:212,0
DA:214,0
DA:215,0
DA:216,0
DA:217,0
DA:221,0
DA:222,0
DA:223,0
DA:224,0
DA:225,0
DA:226,0
DA:229,0
DA:230,0
LF:113
LH:0
BRDA:88,0,0,0
BRDA:118,1,0,0
BRDA:119,2,0,0
BRDA:156,3,0,0
BRDA:190,4,0,0
BRDA:190,5,0,0
BRDA:190,5,1,0
BRDA:214,6,0,0
BRDA:215,7,0,0
BRDA:216,8,0,0
BRF:10
BRH:0
end_of_record
TN:
SF:src/core/task-manager.ts
FN:9,(anonymous_0)
FN:13,(anonymous_1)
FN:18,(anonymous_2)
FN:25,(anonymous_3)
FN:29,(anonymous_4)
FN:33,(anonymous_5)
FN:48,(anonymous_6)
FN:67,(anonymous_7)
FN:71,(anonymous_8)
FN:72,(anonymous_9)
FNF:10
FNH:0
FNDA:0,(anonymous_0)
FNDA:0,(anonymous_1)
FNDA:0,(anonymous_2)
FNDA:0,(anonymous_3)
FNDA:0,(anonymous_4)
FNDA:0,(anonymous_5)
FNDA:0,(anonymous_6)
FNDA:0,(anonymous_7)
FNDA:0,(anonymous_8)
FNDA:0,(anonymous_9)
DA:1,0
DA:3,0
DA:5,0
DA:6,0
DA:7,0
DA:10,0
DA:14,0
DA:15,0
DA:19,0
DA:20,0
DA:22,0
DA:26,0
DA:30,0
DA:34,0
DA:41,0
DA:42,0
DA:44,0
DA:45,0
DA:49,0
DA:50,0
DA:51,0
DA:54,0
DA:60,0
DA:61,0
DA:63,0
DA:64,0
DA:68,0
DA:72,0
LF:28
LH:0
BRDA:19,0,0,0
BRDA:50,1,0,0
BRDA:68,2,0,0
BRDA:68,2,1,0
BRF:4
BRH:0
end_of_record
TN:
SF:src/types/agent.ts
FNF:0
FNH:0
DA:54,2
LF:1
LH:1
BRF:0
BRH:0
end_of_record
TN:
SF:src/types/config.ts
FNF:0
FNH:0
DA:111,2
LF:1
LH:1
BRF:0
BRH:0
end_of_record
TN:
SF:src/types/index.ts
FNF:0
FNH:0
DA:1,1
DA:2,1
DA:3,1
DA:4,1
LF:4
LH:4
BRF:0
BRH:0
end_of_record
TN:
SF:src/utils/file-utils.ts
FN:5,(anonymous_9)
FN:13,(anonymous_10)
FN:22,(anonymous_11)
FN:27,(anonymous_12)
FN:33,(anonymous_13)
FN:38,(anonymous_14)
FN:49,(anonymous_15)
FN:53,(anonymous_16)
FN:61,(anonymous_17)
FN:69,(anonymous_18)
FN:74,(anonymous_19)
FN:79,(anonymous_20)
FN:86,(anonymous_21)
FN:90,(anonymous_22)
FNF:14
FNH:6
FNDA:141,(anonymous_9)
FNDA:24,(anonymous_10)
FNDA:5,(anonymous_11)
FNDA:86,(anonymous_12)
FNDA:0,(anonymous_13)
FNDA:1,(anonymous_14)
FNDA:0,(anonymous_15)
FNDA:0,(anonymous_16)
FNDA:1,(anonymous_17)
FNDA:0,(anonymous_18)
FNDA:0,(anonymous_19)
FNDA:0,(anonymous_20)
FNDA:0,(anonymous_21)
FNDA:0,(anonymous_22)
DA:1,3
DA:2,3
DA:4,3
DA:6,141
DA:7,141
DA:9,39
DA:14,24
DA:15,24
DA:16,6
DA:18,18
DA:23,5
DA:24,5
DA:28,86
DA:29,86
DA:30,86
DA:34,0
DA:35,0
DA:39,1
DA:40,1
DA:43,1
DA:44,0
DA:50,0
DA:51,0
DA:52,0
DA:53,0
DA:55,0
DA:57,0
DA:62,1
DA:63,1
DA:65,0
DA:70,0
DA:71,0
DA:75,0
DA:76,0
DA:80,0
DA:87,0
DA:91,0
LF:37
LH:20
BRDA:27,0,0,86
BRDA:28,1,0,86
BRDA:28,1,1,0
BRDA:43,2,0,0
BRDA:52,3,0,0
BRF:5
BRH:2
end_of_record
TN:
SF:src/utils/logger.ts
FN:10,(anonymous_0)
FN:14,(anonymous_1)
FN:16,(anonymous_2)
FN:22,(anonymous_3)
FN:28,(anonymous_4)
FN:32,(anonymous_5)
FN:36,(anonymous_6)
FN:40,(anonymous_7)
FNF:8
FNH:6
FNDA:46,(anonymous_0)
FNDA:46,(anonymous_1)
FNDA:1,(anonymous_2)
FNDA:35,(anonymous_3)
FNDA:45,(anonymous_4)
FNDA:0,(anonymous_5)
FNDA:1,(anonymous_6)
FNDA:0,(anonymous_7)
DA:11,46
DA:15,46
DA:16,46
DA:17,1
DA:19,46
DA:23,35
DA:24,0
DA:29,45
DA:33,0
DA:37,1
DA:41,0
DA:45,3
LF:12
LH:9
BRDA:16,0,0,1
BRDA:16,0,1,45
BRDA:17,1,0,1
BRDA:17,1,1,0
BRDA:23,2,0,0
BRDA:23,3,0,35
BRDA:23,3,1,35
BRF:7
BRH:5
end_of_record
TN:
SF:src/utils/validation.ts
FN:4,(anonymous_0)
FN:11,(anonymous_1)
FN:17,(anonymous_2)
FN:58,(anonymous_3)
FN:88,(anonymous_4)
FN:120,(anonymous_5)
FN:126,(anonymous_6)
FN:132,(anonymous_7)
FN:162,(anonymous_8)
FN:169,(anonymous_9)
FN:174,(anonymous_10)
FNF:11
FNH:9
FNDA:37,(anonymous_0)
FNDA:22,(anonymous_1)
FNDA:29,(anonymous_2)
FNDA:6,(anonymous_3)
FNDA:18,(anonymous_4)
FNDA:0,(anonymous_5)
FNDA:0,(anonymous_6)
FNDA:5,(anonymous_7)
FNDA:1,(anonymous_8)
FNDA:4,(anonymous_9)
FNDA:5,(anonymous_10)
DA:3,2
DA:5,37
DA:6,33
DA:8,32
DA:12,22
DA:13,21
DA:14,20
DA:18,29
DA:19,1
DA:22,28
DA:23,1
DA:26,27
DA:27,1
DA:31,26
DA:49,26
DA:50,332
DA:51,7
DA:55,19
DA:59,6
DA:60,0
DA:63,6
DA:65,6
DA:66,2
DA:69,4
DA:70,1
DA:73,3
DA:74,1
DA:77,2
DA:78,0
DA:81,2
DA:82,0
DA:85,2
DA:89,18
DA:90,1
DA:93,17
DA:94,0
DA:97,17
DA:98,0
DA:101,17
DA:102,0
DA:105,17
DA:106,17
DA:107,0
DA:110,17
DA:111,2
DA:112,2
DA:113,1
DA:117,16
DA:121,0
DA:122,0
DA:123,0
DA:127,0
DA:128,0
DA:129,0
DA:133,5
DA:134,1
DA:137,4
DA:138,0
DA:141,4
DA:142,0
DA:145,4
DA:146,1
DA:149,3
DA:150,3
DA:151,1
DA:154,2
DA:155,2
DA:156,0
DA:159,2
DA:163,1
DA:170,4
DA:171,4
DA:175,5
DA:176,5
DA:177,3
DA:179,2
LF:76
LH:60
BRDA:5,0,0,4
BRDA:5,1,0,37
BRDA:5,1,1,34
BRDA:6,2,0,1
BRDA:6,3,0,33
BRDA:6,3,1,33
BRDA:12,4,0,1
BRDA:12,5,0,22
BRDA:12,5,1,21
BRDA:13,6,0,1
BRDA:13,7,0,21
BRDA:13,7,1,21
BRDA:18,8,0,1
BRDA:18,9,0,29
BRDA:18,9,1,28
BRDA:22,10,0,1
BRDA:26,11,0,1
BRDA:50,12,0,7
BRDA:59,13,0,0
BRDA:59,14,0,6
BRDA:59,14,1,6
BRDA:65,15,0,2
BRDA:65,16,0,6
BRDA:65,16,1,6
BRDA:65,16,2,4
BRDA:69,17,0,1
BRDA:69,18,0,4
BRDA:69,18,1,4
BRDA:69,18,2,4
BRDA:73,19,0,1
BRDA:73,20,0,3
BRDA:73,20,1,3
BRDA:73,20,2,2
BRDA:77,21,0,0
BRDA:77,22,0,2
BRDA:77,22,1,2
BRDA:77,22,2,2
BRDA:81,23,0,0
BRDA:81,24,0,2
BRDA:81,24,1,2
BRDA:81,24,2,2
BRDA:89,25,0,1
BRDA:93,26,0,0
BRDA:97,27,0,0
BRDA:97,28,0,17
BRDA:97,28,1,0
BRDA:101,29,0,0
BRDA:106,30,0,0
BRDA:110,31,0,2
BRDA:112,32,0,1
BRDA:121,33,0,0
BRDA:121,34,0,0
BRDA:121,34,1,0
BRDA:122,35,0,0
BRDA:122,36,0,0
BRDA:122,36,1,0
BRDA:127,37,0,0
BRDA:127,38,0,0
BRDA:127,38,1,0
BRDA:128,39,0,0
BRDA:128,40,0,0
BRDA:128,40,1,0
BRDA:133,41,0,1
BRDA:133,42,0,5
BRDA:133,42,1,5
BRDA:137,43,0,0
BRDA:137,44,0,4
BRDA:137,44,1,3
BRDA:141,45,0,0
BRDA:141,46,0,4
BRDA:141,46,1,4
BRDA:145,47,0,1
BRDA:150,48,0,1
BRDA:155,49,0,0
BRF:74
BRH:51
end_of_record
